Build started 02.04.2014 20:12:29.
     1>Project "c:\Users\user\documents\visual studio 2010\Projects\techimet3\stack\stack.vcxproj" on node 2 (build target(s)).
     1>InitializeBuildStatus:
         Touching "Debug\stack.unsuccessfulbuild".
       ClCompile:
         All outputs are up-to-date.
         c:\Program Files\Microsoft Visual Studio 10.0\VC\bin\CL.exe /c /ZI /nologo /W3 /WX- /Od /Oy- /D WIN32 /D _DEBUG /D _CONSOLE /D _UNICODE /D UNICODE /Gm /EHsc /RTC1 /MDd /GS /fp:precise /Zc:wchar_t /Zc:forScope /Yu"StdAfx.h" /Fp"Debug\stack.pch" /Fo"Debug\\" /Fd"Debug\vc100.pdb" /Gd /TP /analyze- /errorReport:prompt stack.cpp
         stack.cpp
     1>c:\users\user\documents\visual studio 2010\projects\techimet3\stack\stack.cpp(40): warning C4996: 'gets': This function or variable may be unsafe. Consider using gets_s instead. To disable deprecation, use _CRT_SECURE_NO_WARNINGS. See online help for details.
                 c:\program files\microsoft visual studio 10.0\vc\include\stdio.h(277) : see declaration of 'gets'
     1>c:\users\user\documents\visual studio 2010\projects\techimet3\stack\stack.cpp(45): warning C4996: 'scanf': This function or variable may be unsafe. Consider using scanf_s instead. To disable deprecation, use _CRT_SECURE_NO_WARNINGS. See online help for details.
                 c:\program files\microsoft visual studio 10.0\vc\include\stdio.h(304) : see declaration of 'scanf'
     1>c:\users\user\documents\visual studio 2010\projects\techimet3\stack\stack.cpp(52): error C2361: initialization of 'b' is skipped by 'default' label
                 c:\users\user\documents\visual studio 2010\projects\techimet3\stack\stack.cpp(49) : see declaration of 'b'
     1>Done Building Project "c:\Users\user\documents\visual studio 2010\Projects\techimet3\stack\stack.vcxproj" (build target(s)) -- FAILED.

Build FAILED.

Time Elapsed 00:00:00.32
